<?xml version="1.0" encoding="UTF-8"?>
<testng-results ignored="0" total="12" passed="10" failed="2" skipped="0">
  <reporter-output>
  </reporter-output>
  <suite started-at="2024-03-05T12:18:11 IST" name="Suite" finished-at="2024-03-05T12:26:58 IST" duration-ms="527660">
    <groups>
      <group name="regression">
        <method signature="TC_01_zigwheels.upcmgBikes()[pri:1, instance:TestCase.TC_01_zigwheels@409bf450]" name="upcmgBikes" class="TestCase.TC_01_zigwheels"/>
        <method signature="TC_01_zigwheels.newBikes()[pri:2, instance:TestCase.TC_01_zigwheels@409bf450]" name="newBikes" class="TestCase.TC_01_zigwheels"/>
        <method signature="TC_01_zigwheels.usCkr()[pri:3, instance:TestCase.TC_01_zigwheels@409bf450]" name="usCkr" class="TestCase.TC_01_zigwheels"/>
        <method signature="TC_01_zigwheels.upcomingCars()[pri:4, instance:TestCase.TC_01_zigwheels@409bf450]" name="upcomingCars" class="TestCase.TC_01_zigwheels"/>
        <method signature="TC_01_zigwheels.lopkg()[pri:5, instance:TestCase.TC_01_zigwheels@409bf450]" name="lopkg" class="TestCase.TC_01_zigwheels"/>
        <method signature="TC_01_zigwheels.login()[pri:6, instance:TestCase.TC_01_zigwheels@409bf450]" name="login" class="TestCase.TC_01_zigwheels"/>
        <method signature="TC_01_zigwheels.upcmgBikes()[pri:1, instance:TestCase.TC_01_zigwheels@175c2241]" name="upcmgBikes" class="TestCase.TC_01_zigwheels"/>
        <method signature="TC_01_zigwheels.newBikes()[pri:2, instance:TestCase.TC_01_zigwheels@175c2241]" name="newBikes" class="TestCase.TC_01_zigwheels"/>
        <method signature="TC_01_zigwheels.usCkr()[pri:3, instance:TestCase.TC_01_zigwheels@175c2241]" name="usCkr" class="TestCase.TC_01_zigwheels"/>
        <method signature="TC_01_zigwheels.upcomingCars()[pri:4, instance:TestCase.TC_01_zigwheels@175c2241]" name="upcomingCars" class="TestCase.TC_01_zigwheels"/>
        <method signature="TC_01_zigwheels.lopkg()[pri:5, instance:TestCase.TC_01_zigwheels@175c2241]" name="lopkg" class="TestCase.TC_01_zigwheels"/>
        <method signature="TC_01_zigwheels.login()[pri:6, instance:TestCase.TC_01_zigwheels@175c2241]" name="login" class="TestCase.TC_01_zigwheels"/>
      </group> <!-- regression -->
      <group name="smoke">
        <method signature="TC_01_zigwheels.upcmgBikes()[pri:1, instance:TestCase.TC_01_zigwheels@409bf450]" name="upcmgBikes" class="TestCase.TC_01_zigwheels"/>
        <method signature="TC_01_zigwheels.usCkr()[pri:3, instance:TestCase.TC_01_zigwheels@409bf450]" name="usCkr" class="TestCase.TC_01_zigwheels"/>
        <method signature="TC_01_zigwheels.lopkg()[pri:5, instance:TestCase.TC_01_zigwheels@409bf450]" name="lopkg" class="TestCase.TC_01_zigwheels"/>
        <method signature="TC_01_zigwheels.upcmgBikes()[pri:1, instance:TestCase.TC_01_zigwheels@175c2241]" name="upcmgBikes" class="TestCase.TC_01_zigwheels"/>
        <method signature="TC_01_zigwheels.usCkr()[pri:3, instance:TestCase.TC_01_zigwheels@175c2241]" name="usCkr" class="TestCase.TC_01_zigwheels"/>
        <method signature="TC_01_zigwheels.lopkg()[pri:5, instance:TestCase.TC_01_zigwheels@175c2241]" name="lopkg" class="TestCase.TC_01_zigwheels"/>
      </group> <!-- smoke -->
      <group name="master">
        <method signature="TC_01_zigwheels.upcmgBikes()[pri:1, instance:TestCase.TC_01_zigwheels@409bf450]" name="upcmgBikes" class="TestCase.TC_01_zigwheels"/>
        <method signature="TC_01_zigwheels.newBikes()[pri:2, instance:TestCase.TC_01_zigwheels@409bf450]" name="newBikes" class="TestCase.TC_01_zigwheels"/>
        <method signature="TC_01_zigwheels.usCkr()[pri:3, instance:TestCase.TC_01_zigwheels@409bf450]" name="usCkr" class="TestCase.TC_01_zigwheels"/>
        <method signature="TC_01_zigwheels.upcomingCars()[pri:4, instance:TestCase.TC_01_zigwheels@409bf450]" name="upcomingCars" class="TestCase.TC_01_zigwheels"/>
        <method signature="TC_01_zigwheels.lopkg()[pri:5, instance:TestCase.TC_01_zigwheels@409bf450]" name="lopkg" class="TestCase.TC_01_zigwheels"/>
        <method signature="TC_01_zigwheels.login()[pri:6, instance:TestCase.TC_01_zigwheels@409bf450]" name="login" class="TestCase.TC_01_zigwheels"/>
        <method signature="TC_01_zigwheels.upcmgBikes()[pri:1, instance:TestCase.TC_01_zigwheels@175c2241]" name="upcmgBikes" class="TestCase.TC_01_zigwheels"/>
        <method signature="TC_01_zigwheels.newBikes()[pri:2, instance:TestCase.TC_01_zigwheels@175c2241]" name="newBikes" class="TestCase.TC_01_zigwheels"/>
        <method signature="TC_01_zigwheels.usCkr()[pri:3, instance:TestCase.TC_01_zigwheels@175c2241]" name="usCkr" class="TestCase.TC_01_zigwheels"/>
        <method signature="TC_01_zigwheels.upcomingCars()[pri:4, instance:TestCase.TC_01_zigwheels@175c2241]" name="upcomingCars" class="TestCase.TC_01_zigwheels"/>
        <method signature="TC_01_zigwheels.lopkg()[pri:5, instance:TestCase.TC_01_zigwheels@175c2241]" name="lopkg" class="TestCase.TC_01_zigwheels"/>
        <method signature="TC_01_zigwheels.login()[pri:6, instance:TestCase.TC_01_zigwheels@175c2241]" name="login" class="TestCase.TC_01_zigwheels"/>
      </group> <!-- master -->
    </groups>
    <test started-at="2024-03-05T12:18:11 IST" name="Chrome" finished-at="2024-03-05T12:22:45 IST" duration-ms="274146">
      <class name="TestCase.TC_01_zigwheels">
        <test-method is-config="true" signature="setup(java.lang.String)[pri:0, instance:TestCase.TC_01_zigwheels@409bf450]" started-at="2024-03-05T12:18:11 IST" name="setup" finished-at="2024-03-05T12:19:26 IST" duration-ms="74630" status="PASS">
          <params>
            <param index="0">
              <value>
                <![CDATA[Chrome]]>
              </value>
            </param>
          </params>
          <reporter-output>
          </reporter-output>
        </test-method> <!-- setup -->
        <test-method signature="upcmgBikes()[pri:1, instance:TestCase.TC_01_zigwheels@409bf450]" started-at="2024-03-05T12:19:26 IST" name="upcmgBikes" finished-at="2024-03-05T12:20:00 IST" duration-ms="34825" status="PASS">
          <reporter-output>
          </reporter-output>
        </test-method> <!-- upcmgBikes -->
        <test-method signature="newBikes()[pri:2, instance:TestCase.TC_01_zigwheels@409bf450]" started-at="2024-03-05T12:20:00 IST" name="newBikes" finished-at="2024-03-05T12:20:54 IST" duration-ms="53566" status="PASS">
          <reporter-output>
          </reporter-output>
        </test-method> <!-- newBikes -->
        <test-method signature="usCkr()[pri:3, instance:TestCase.TC_01_zigwheels@409bf450]" started-at="2024-03-05T12:20:54 IST" name="usCkr" finished-at="2024-03-05T12:21:38 IST" duration-ms="43877" status="PASS">
          <reporter-output>
          </reporter-output>
        </test-method> <!-- usCkr -->
        <test-method signature="upcomingCars()[pri:4, instance:TestCase.TC_01_zigwheels@409bf450]" started-at="2024-03-05T12:21:38 IST" name="upcomingCars" finished-at="2024-03-05T12:21:40 IST" duration-ms="2591" status="PASS">
          <reporter-output>
          </reporter-output>
        </test-method> <!-- upcomingCars -->
        <test-method signature="lopkg()[pri:5, instance:TestCase.TC_01_zigwheels@409bf450]" started-at="2024-03-05T12:21:40 IST" name="lopkg" finished-at="2024-03-05T12:21:42 IST" duration-ms="1756" status="PASS">
          <reporter-output>
          </reporter-output>
        </test-method> <!-- lopkg -->
        <test-method signature="login()[pri:6, instance:TestCase.TC_01_zigwheels@409bf450]" started-at="2024-03-05T12:21:42 IST" name="login" finished-at="2024-03-05T12:22:44 IST" duration-ms="61385" status="FAIL">
          <exception class="org.openqa.selenium.NoSuchElementException">
            <message>
              <![CDATA[no such element: Unable to locate element: {"method":"xpath","selector":"//div[@class='o6cuMc Jj6Lae']"}
  (Session info: chrome=120.0.6099.130)
For documentation on this error, please visit: https://www.selenium.dev/documentation/webdriver/troubleshooting/errors#no-such-element-exception
Build info: version: '4.17.0', revision: 'e52b1be057*'
System info: os.name: 'Windows 11', os.arch: 'amd64', os.version: '10.0', java.version: '17.0.2'
Driver info: org.openqa.selenium.chrome.ChromeDriver
Command: [8f4d0d94f30220a77c4c82840a4bd96b, findElement {value=//div[@class='o6cuMc Jj6Lae'], using=xpath}]
Capabilities {acceptInsecureCerts: false, browserName: chrome, browserVersion: 120.0.6099.130, chrome: {chromedriverVersion: 120.0.6099.109 (3419140ab66..., userDataDir: C:\Windows\SystemTemp\scope...}, fedcm:accounts: true, goog:chromeOptions: {debuggerAddress: localhost:62457}, networkConnectionEnabled: false, pageLoadStrategy: normal, platformName: windows, proxy: Proxy(), se:cdp: ws://localhost:62457/devtoo..., se:cdpVersion: 120.0.6099.130, setWindowRect: true, strictFileInteractability: false, timeouts: {implicit: 0, pageLoad: 300000, script: 30000}, unhandledPromptBehavior: dismiss and notify, webauthn:extension:credBlob: true, webauthn:extension:largeBlob: true, webauthn:extension:minPinLength: true, webauthn:extension:prf: true, webauthn:virtualAuthenticators: true}
Session ID: 8f4d0d94f30220a77c4c82840a4bd96b]]>
            </message>
            <full-stacktrace>
              <![CDATA[org.openqa.selenium.NoSuchElementException: no such element: Unable to locate element: {"method":"xpath","selector":"//div[@class='o6cuMc Jj6Lae']"}
  (Session info: chrome=120.0.6099.130)
For documentation on this error, please visit: https://www.selenium.dev/documentation/webdriver/troubleshooting/errors#no-such-element-exception
Build info: version: '4.17.0', revision: 'e52b1be057*'
System info: os.name: 'Windows 11', os.arch: 'amd64', os.version: '10.0', java.version: '17.0.2'
Driver info: org.openqa.selenium.chrome.ChromeDriver
Command: [8f4d0d94f30220a77c4c82840a4bd96b, findElement {value=//div[@class='o6cuMc Jj6Lae'], using=xpath}]
Capabilities {acceptInsecureCerts: false, browserName: chrome, browserVersion: 120.0.6099.130, chrome: {chromedriverVersion: 120.0.6099.109 (3419140ab66..., userDataDir: C:\Windows\SystemTemp\scope...}, fedcm:accounts: true, goog:chromeOptions: {debuggerAddress: localhost:62457}, networkConnectionEnabled: false, pageLoadStrategy: normal, platformName: windows, proxy: Proxy(), se:cdp: ws://localhost:62457/devtoo..., se:cdpVersion: 120.0.6099.130, setWindowRect: true, strictFileInteractability: false, timeouts: {implicit: 0, pageLoad: 300000, script: 30000}, unhandledPromptBehavior: dismiss and notify, webauthn:extension:credBlob: true, webauthn:extension:largeBlob: true, webauthn:extension:minPinLength: true, webauthn:extension:prf: true, webauthn:virtualAuthenticators: true}
Session ID: 8f4d0d94f30220a77c4c82840a4bd96b
at java.base/jdk.internal.reflect.NativeConstructorAccessorImpl.newInstance0(Native Method)
at java.base/jdk.internal.reflect.NativeConstructorAccessorImpl.newInstance(NativeConstructorAccessorImpl.java:77)
at java.base/jdk.internal.reflect.DelegatingConstructorAccessorImpl.newInstance(DelegatingConstructorAccessorImpl.java:45)
at java.base/java.lang.reflect.Constructor.newInstanceWithCaller(Constructor.java:499)
at java.base/java.lang.reflect.Constructor.newInstance(Constructor.java:480)
at org.openqa.selenium.remote.codec.w3c.W3CHttpResponseCodec.createException(W3CHttpResponseCodec.java:185)
at org.openqa.selenium.remote.codec.w3c.W3CHttpResponseCodec.decode(W3CHttpResponseCodec.java:134)
at org.openqa.selenium.remote.codec.w3c.W3CHttpResponseCodec.decode(W3CHttpResponseCodec.java:51)
at org.openqa.selenium.remote.HttpCommandExecutor.execute(HttpCommandExecutor.java:190)
at org.openqa.selenium.remote.service.DriverCommandExecutor.invokeExecute(DriverCommandExecutor.java:216)
at org.openqa.selenium.remote.service.DriverCommandExecutor.execute(DriverCommandExecutor.java:174)
at org.openqa.selenium.remote.RemoteWebDriver.execute(RemoteWebDriver.java:519)
at org.openqa.selenium.remote.ElementLocation$ElementFinder$2.findElement(ElementLocation.java:165)
at org.openqa.selenium.remote.ElementLocation.findElement(ElementLocation.java:59)
at org.openqa.selenium.remote.RemoteWebDriver.findElement(RemoteWebDriver.java:356)
at org.openqa.selenium.remote.RemoteWebDriver.findElement(RemoteWebDriver.java:350)
at org.openqa.selenium.support.pagefactory.DefaultElementLocator.findElement(DefaultElementLocator.java:68)
at org.openqa.selenium.support.pagefactory.internal.LocatingElementHandler.invoke(LocatingElementHandler.java:38)
at jdk.proxy2/jdk.proxy2.$Proxy15.getText(Unknown Source)
at PageObject.loginPage.errorCapture(loginPage.java:43)
at TestCase.TC_01_zigwheels.login(TC_01_zigwheels.java:145)
at java.base/jdk.internal.reflect.NativeMethodAccessorImpl.invoke0(Native Method)
at java.base/jdk.internal.reflect.NativeMethodAccessorImpl.invoke(NativeMethodAccessorImpl.java:77)
at java.base/jdk.internal.reflect.DelegatingMethodAccessorImpl.invoke(DelegatingMethodAccessorImpl.java:43)
at java.base/java.lang.reflect.Method.invoke(Method.java:568)
at org.testng.internal.invokers.MethodInvocationHelper.invokeMethod(MethodInvocationHelper.java:136)
at org.testng.internal.invokers.TestInvoker.invokeMethod(TestInvoker.java:658)
at org.testng.internal.invokers.TestInvoker.invokeTestMethod(TestInvoker.java:219)
at org.testng.internal.invokers.MethodRunner.runInSequence(MethodRunner.java:50)
at org.testng.internal.invokers.TestInvoker$MethodInvocationAgent.invoke(TestInvoker.java:923)
at org.testng.internal.invokers.TestInvoker.invokeTestMethods(TestInvoker.java:192)
at org.testng.internal.invokers.TestMethodWorker.invokeTestMethods(TestMethodWorker.java:146)
at org.testng.internal.invokers.TestMethodWorker.run(TestMethodWorker.java:128)
at java.base/java.util.ArrayList.forEach(ArrayList.java:1511)
at org.testng.TestRunner.privateRun(TestRunner.java:808)
at org.testng.TestRunner.run(TestRunner.java:603)
at org.testng.SuiteRunner.runTest(SuiteRunner.java:429)
at org.testng.SuiteRunner.runSequentially(SuiteRunner.java:423)
at org.testng.SuiteRunner.privateRun(SuiteRunner.java:383)
at org.testng.SuiteRunner.run(SuiteRunner.java:326)
at org.testng.SuiteRunnerWorker.runSuite(SuiteRunnerWorker.java:52)
at org.testng.SuiteRunnerWorker.run(SuiteRunnerWorker.java:95)
at org.testng.TestNG.runSuitesSequentially(TestNG.java:1249)
at org.testng.TestNG.runSuitesLocally(TestNG.java:1169)
at org.testng.TestNG.runSuites(TestNG.java:1092)
at org.testng.TestNG.run(TestNG.java:1060)
at org.testng.remote.AbstractRemoteTestNG.run(AbstractRemoteTestNG.java:115)
at org.testng.remote.RemoteTestNG.initAndRun(RemoteTestNG.java:251)
at org.testng.remote.RemoteTestNG.main(RemoteTestNG.java:77)
]]>
            </full-stacktrace>
          </exception> <!-- org.openqa.selenium.NoSuchElementException -->
          <reporter-output>
          </reporter-output>
        </test-method> <!-- login -->
        <test-method is-config="true" signature="teardown()[pri:0, instance:TestCase.TC_01_zigwheels@409bf450]" started-at="2024-03-05T12:22:44 IST" name="teardown" finished-at="2024-03-05T12:22:45 IST" duration-ms="1134" status="PASS">
          <reporter-output>
          </reporter-output>
        </test-method> <!-- teardown -->
      </class> <!-- TestCase.TC_01_zigwheels -->
    </test> <!-- Chrome -->
    <test started-at="2024-03-05T12:22:45 IST" name="Edge" finished-at="2024-03-05T12:26:58 IST" duration-ms="253091">
      <class name="TestCase.TC_01_zigwheels">
        <test-method is-config="true" signature="setup(java.lang.String)[pri:0, instance:TestCase.TC_01_zigwheels@175c2241]" started-at="2024-03-05T12:22:45 IST" name="setup" finished-at="2024-03-05T12:23:42 IST" duration-ms="56903" status="PASS">
          <params>
            <param index="0">
              <value>
                <![CDATA[Edge]]>
              </value>
            </param>
          </params>
          <reporter-output>
          </reporter-output>
        </test-method> <!-- setup -->
        <test-method signature="upcmgBikes()[pri:1, instance:TestCase.TC_01_zigwheels@175c2241]" started-at="2024-03-05T12:23:42 IST" name="upcmgBikes" finished-at="2024-03-05T12:24:18 IST" duration-ms="36421" status="PASS">
          <reporter-output>
          </reporter-output>
        </test-method> <!-- upcmgBikes -->
        <test-method signature="newBikes()[pri:2, instance:TestCase.TC_01_zigwheels@175c2241]" started-at="2024-03-05T12:24:18 IST" name="newBikes" finished-at="2024-03-05T12:24:57 IST" duration-ms="38072" status="PASS">
          <reporter-output>
          </reporter-output>
        </test-method> <!-- newBikes -->
        <test-method signature="usCkr()[pri:3, instance:TestCase.TC_01_zigwheels@175c2241]" started-at="2024-03-05T12:24:57 IST" name="usCkr" finished-at="2024-03-05T12:26:20 IST" duration-ms="82974" status="PASS">
          <reporter-output>
          </reporter-output>
        </test-method> <!-- usCkr -->
        <test-method signature="upcomingCars()[pri:4, instance:TestCase.TC_01_zigwheels@175c2241]" started-at="2024-03-05T12:26:20 IST" name="upcomingCars" finished-at="2024-03-05T12:26:23 IST" duration-ms="2996" status="PASS">
          <reporter-output>
          </reporter-output>
        </test-method> <!-- upcomingCars -->
        <test-method signature="lopkg()[pri:5, instance:TestCase.TC_01_zigwheels@175c2241]" started-at="2024-03-05T12:26:23 IST" name="lopkg" finished-at="2024-03-05T12:26:24 IST" duration-ms="1723" status="PASS">
          <reporter-output>
          </reporter-output>
        </test-method> <!-- lopkg -->
        <test-method signature="login()[pri:6, instance:TestCase.TC_01_zigwheels@175c2241]" started-at="2024-03-05T12:26:24 IST" name="login" finished-at="2024-03-05T12:26:57 IST" duration-ms="32591" status="FAIL">
          <exception class="org.openqa.selenium.NoSuchElementException">
            <message>
              <![CDATA[no such element: Unable to locate element: {"method":"xpath","selector":"//div[@class='o6cuMc Jj6Lae']"}
  (Session info: MicrosoftEdge=122.0.2365.66)
For documentation on this error, please visit: https://www.selenium.dev/documentation/webdriver/troubleshooting/errors#no-such-element-exception
Build info: version: '4.17.0', revision: 'e52b1be057*'
System info: os.name: 'Windows 11', os.arch: 'amd64', os.version: '10.0', java.version: '17.0.2'
Driver info: org.openqa.selenium.edge.EdgeDriver
Command: [66442178207ad16cc0da1f3ca6db9b5f, findElement {value=//div[@class='o6cuMc Jj6Lae'], using=xpath}]
Capabilities {acceptInsecureCerts: false, browserName: MicrosoftEdge, browserVersion: 122.0.2365.66, fedcm:accounts: true, ms:edgeOptions: {debuggerAddress: localhost:62114}, msedge: {msedgedriverVersion: 122.0.2365.66 (ab363614b8f0..., userDataDir: C:\Windows\SystemTemp\scope...}, networkConnectionEnabled: false, pageLoadStrategy: normal, platformName: windows, proxy: Proxy(), se:cdp: ws://localhost:62114/devtoo..., se:cdpVersion: 122.0.2365.66, setWindowRect: true, strictFileInteractability: false, timeouts: {implicit: 0, pageLoad: 300000, script: 30000}, unhandledPromptBehavior: dismiss and notify, webauthn:extension:credBlob: true, webauthn:extension:largeBlob: true, webauthn:extension:minPinLength: true, webauthn:extension:prf: true, webauthn:virtualAuthenticators: true}
Session ID: 66442178207ad16cc0da1f3ca6db9b5f]]>
            </message>
            <full-stacktrace>
              <![CDATA[org.openqa.selenium.NoSuchElementException: no such element: Unable to locate element: {"method":"xpath","selector":"//div[@class='o6cuMc Jj6Lae']"}
  (Session info: MicrosoftEdge=122.0.2365.66)
For documentation on this error, please visit: https://www.selenium.dev/documentation/webdriver/troubleshooting/errors#no-such-element-exception
Build info: version: '4.17.0', revision: 'e52b1be057*'
System info: os.name: 'Windows 11', os.arch: 'amd64', os.version: '10.0', java.version: '17.0.2'
Driver info: org.openqa.selenium.edge.EdgeDriver
Command: [66442178207ad16cc0da1f3ca6db9b5f, findElement {value=//div[@class='o6cuMc Jj6Lae'], using=xpath}]
Capabilities {acceptInsecureCerts: false, browserName: MicrosoftEdge, browserVersion: 122.0.2365.66, fedcm:accounts: true, ms:edgeOptions: {debuggerAddress: localhost:62114}, msedge: {msedgedriverVersion: 122.0.2365.66 (ab363614b8f0..., userDataDir: C:\Windows\SystemTemp\scope...}, networkConnectionEnabled: false, pageLoadStrategy: normal, platformName: windows, proxy: Proxy(), se:cdp: ws://localhost:62114/devtoo..., se:cdpVersion: 122.0.2365.66, setWindowRect: true, strictFileInteractability: false, timeouts: {implicit: 0, pageLoad: 300000, script: 30000}, unhandledPromptBehavior: dismiss and notify, webauthn:extension:credBlob: true, webauthn:extension:largeBlob: true, webauthn:extension:minPinLength: true, webauthn:extension:prf: true, webauthn:virtualAuthenticators: true}
Session ID: 66442178207ad16cc0da1f3ca6db9b5f
at java.base/jdk.internal.reflect.NativeConstructorAccessorImpl.newInstance0(Native Method)
at java.base/jdk.internal.reflect.NativeConstructorAccessorImpl.newInstance(NativeConstructorAccessorImpl.java:77)
at java.base/jdk.internal.reflect.DelegatingConstructorAccessorImpl.newInstance(DelegatingConstructorAccessorImpl.java:45)
at java.base/java.lang.reflect.Constructor.newInstanceWithCaller(Constructor.java:499)
at java.base/java.lang.reflect.Constructor.newInstance(Constructor.java:480)
at org.openqa.selenium.remote.codec.w3c.W3CHttpResponseCodec.createException(W3CHttpResponseCodec.java:185)
at org.openqa.selenium.remote.codec.w3c.W3CHttpResponseCodec.decode(W3CHttpResponseCodec.java:134)
at org.openqa.selenium.remote.codec.w3c.W3CHttpResponseCodec.decode(W3CHttpResponseCodec.java:51)
at org.openqa.selenium.remote.HttpCommandExecutor.execute(HttpCommandExecutor.java:190)
at org.openqa.selenium.remote.service.DriverCommandExecutor.invokeExecute(DriverCommandExecutor.java:216)
at org.openqa.selenium.remote.service.DriverCommandExecutor.execute(DriverCommandExecutor.java:174)
at org.openqa.selenium.remote.RemoteWebDriver.execute(RemoteWebDriver.java:519)
at org.openqa.selenium.remote.ElementLocation$ElementFinder$2.findElement(ElementLocation.java:165)
at org.openqa.selenium.remote.ElementLocation.findElement(ElementLocation.java:59)
at org.openqa.selenium.remote.RemoteWebDriver.findElement(RemoteWebDriver.java:356)
at org.openqa.selenium.remote.RemoteWebDriver.findElement(RemoteWebDriver.java:350)
at org.openqa.selenium.support.pagefactory.DefaultElementLocator.findElement(DefaultElementLocator.java:68)
at org.openqa.selenium.support.pagefactory.internal.LocatingElementHandler.invoke(LocatingElementHandler.java:38)
at jdk.proxy2/jdk.proxy2.$Proxy15.getText(Unknown Source)
at PageObject.loginPage.errorCapture(loginPage.java:43)
at TestCase.TC_01_zigwheels.login(TC_01_zigwheels.java:145)
at java.base/jdk.internal.reflect.NativeMethodAccessorImpl.invoke0(Native Method)
at java.base/jdk.internal.reflect.NativeMethodAccessorImpl.invoke(NativeMethodAccessorImpl.java:77)
at java.base/jdk.internal.reflect.DelegatingMethodAccessorImpl.invoke(DelegatingMethodAccessorImpl.java:43)
at java.base/java.lang.reflect.Method.invoke(Method.java:568)
at org.testng.internal.invokers.MethodInvocationHelper.invokeMethod(MethodInvocationHelper.java:136)
at org.testng.internal.invokers.TestInvoker.invokeMethod(TestInvoker.java:658)
at org.testng.internal.invokers.TestInvoker.invokeTestMethod(TestInvoker.java:219)
at org.testng.internal.invokers.MethodRunner.runInSequence(MethodRunner.java:50)
at org.testng.internal.invokers.TestInvoker$MethodInvocationAgent.invoke(TestInvoker.java:923)
at org.testng.internal.invokers.TestInvoker.invokeTestMethods(TestInvoker.java:192)
at org.testng.internal.invokers.TestMethodWorker.invokeTestMethods(TestMethodWorker.java:146)
at org.testng.internal.invokers.TestMethodWorker.run(TestMethodWorker.java:128)
at java.base/java.util.ArrayList.forEach(ArrayList.java:1511)
at org.testng.TestRunner.privateRun(TestRunner.java:808)
at org.testng.TestRunner.run(TestRunner.java:603)
at org.testng.SuiteRunner.runTest(SuiteRunner.java:429)
at org.testng.SuiteRunner.runSequentially(SuiteRunner.java:423)
at org.testng.SuiteRunner.privateRun(SuiteRunner.java:383)
at org.testng.SuiteRunner.run(SuiteRunner.java:326)
at org.testng.SuiteRunnerWorker.runSuite(SuiteRunnerWorker.java:52)
at org.testng.SuiteRunnerWorker.run(SuiteRunnerWorker.java:95)
at org.testng.TestNG.runSuitesSequentially(TestNG.java:1249)
at org.testng.TestNG.runSuitesLocally(TestNG.java:1169)
at org.testng.TestNG.runSuites(TestNG.java:1092)
at org.testng.TestNG.run(TestNG.java:1060)
at org.testng.remote.AbstractRemoteTestNG.run(AbstractRemoteTestNG.java:115)
at org.testng.remote.RemoteTestNG.initAndRun(RemoteTestNG.java:251)
at org.testng.remote.RemoteTestNG.main(RemoteTestNG.java:77)
]]>
            </full-stacktrace>
          </exception> <!-- org.openqa.selenium.NoSuchElementException -->
          <reporter-output>
          </reporter-output>
        </test-method> <!-- login -->
        <test-method is-config="true" signature="teardown()[pri:0, instance:TestCase.TC_01_zigwheels@175c2241]" started-at="2024-03-05T12:26:57 IST" name="teardown" finished-at="2024-03-05T12:26:58 IST" duration-ms="1393" status="PASS">
          <reporter-output>
          </reporter-output>
        </test-method> <!-- teardown -->
      </class> <!-- TestCase.TC_01_zigwheels -->
    </test> <!-- Edge -->
  </suite> <!-- Suite -->
</testng-results>
